<?xml version="1.0" encoding="UTF-8"?>
<!-- Generated by org.testng.reporters.JUnitXMLReporter -->
<testsuite ignored="0" hostname="DELL-C0HKRC2" failures="0" tests="5" name="Test" time="58.465" errors="0" timestamp="2021-10-21T20:25:54 ART">
  <testcase classname="pruebas.Test_Laboratorio4" name="login" time="14.804"/>
  <testcase classname="pruebas.Test_Laboratorio4" name="login" time="11.22"/>
  <testcase classname="pruebas.Test_Laboratorio4" name="login" time="10.618"/>
  <testcase classname="pruebas.Test_Laboratorio4" name="login" time="10.369"/>
  <testcase classname="pruebas.Test_Laboratorio4" name="login" time="10.008"/>
</testsuite> <!-- Test -->
