<?xml version="1.0" encoding="UTF-8"?>
<testng-results ignored="4" total="5" passed="1" failed="0" skipped="0">
  <reporter-output>
  </reporter-output>
  <suite started-at="2021-10-21T21:02:42 ART" name="Default suite" finished-at="2021-10-21T21:02:42 ART" duration-ms="364">
    <groups>
    </groups>
    <test started-at="2021-10-21T21:02:42 ART" name="Default test" finished-at="2021-10-21T21:02:42 ART" duration-ms="364">
      <class name="pruebas.AlertTest">
        <test-method is-config="true" signature="setUp()[pri:0, instance:pruebas.AlertTest@14dd9eb7]" started-at="2021-10-21T21:02:22 ART" name="setUp" finished-at="2021-10-21T21:02:42 ART" duration-ms="19794" status="PASS">
          <reporter-output>
          </reporter-output>
        </test-method> <!-- setUp -->
        <test-method signature="verAlerta4()[pri:0, instance:pruebas.AlertTest@14dd9eb7]" started-at="2021-10-21T21:02:42 ART" name="verAlerta4" finished-at="2021-10-21T21:02:42 ART" duration-ms="318" status="PASS">
          <reporter-output>
          </reporter-output>
        </test-method> <!-- verAlerta4 -->
        <test-method is-config="true" signature="cerrarNavegador()[pri:0, instance:pruebas.AlertTest@14dd9eb7]" started-at="2021-10-21T21:02:42 ART" name="cerrarNavegador" finished-at="2021-10-21T21:02:42 ART" duration-ms="1" status="PASS">
          <reporter-output>
          </reporter-output>
        </test-method> <!-- cerrarNavegador -->
      </class> <!-- pruebas.AlertTest -->
    </test> <!-- Default test -->
  </suite> <!-- Default suite -->
</testng-results>
